{"/Users/hari.prakash/Documents/learnings/nestjs/sampleNest/src/app.module.ts": {"path":"/Users/hari.prakash/Documents/learnings/nestjs/sampleNest/src/app.module.ts","statementMap":{"0":{"start":{"line":1,"column":0},"end":{"line":1,"column":40}},"1":{"start":{"line":2,"column":0},"end":{"line":2,"column":51}},"2":{"start":{"line":3,"column":0},"end":{"line":3,"column":48}},"3":{"start":{"line":8,"column":7},"end":{"line":8,"column":null}},"4":{"start":{"line":8,"column":13},"end":{"line":8,"column":22}},"5":{"start":{"line":8,"column":13},"end":{"line":8,"column":null}}},"fnMap":{},"branchMap":{},"s":{"0":0,"1":0,"2":0,"3":0,"4":0,"5":0},"f":{},"b":{}}
,"/Users/hari.prakash/Documents/learnings/nestjs/sampleNest/src/main.ts": {"path":"/Users/hari.prakash/Documents/learnings/nestjs/sampleNest/src/main.ts","statementMap":{"0":{"start":{"line":1,"column":0},"end":{"line":1,"column":43}},"1":{"start":{"line":2,"column":0},"end":{"line":2,"column":41}},"2":{"start":{"line":3,"column":0},"end":{"line":3,"column":56}},"3":{"start":{"line":6,"column":17},"end":{"line":6,"column":40}},"4":{"start":{"line":7,"column":14},"end":{"line":7,"column":49}},"5":{"start":{"line":8,"column":2},"end":{"line":8,"column":43}},"6":{"start":{"line":11,"column":2},"end":{"line":11,"column":25}},"7":{"start":{"line":12,"column":2},"end":{"line":12,"column":51}},"8":{"start":{"line":14,"column":0},"end":{"line":14,"column":12}}},"fnMap":{"0":{"name":"bootstrap","decl":{"start":{"line":5,"column":15},"end":{"line":5,"column":24}},"loc":{"start":{"line":5,"column":24},"end":{"line":13,"column":1}}}},"branchMap":{},"s":{"0":0,"1":0,"2":0,"3":0,"4":0,"5":0,"6":0,"7":0,"8":0},"f":{"0":0},"b":{}}
,"/Users/hari.prakash/Documents/learnings/nestjs/sampleNest/src/auth/auth.controller.ts": {"path":"/Users/hari.prakash/Documents/learnings/nestjs/sampleNest/src/auth/auth.controller.ts","statementMap":{"0":{"start":{"line":1,"column":0},"end":{"line":1,"column":44}},"1":{"start":{"line":4,"column":7},"end":{"line":4,"column":null}},"2":{"start":{"line":4,"column":13},"end":{"line":4,"column":27}},"3":{"start":{"line":4,"column":13},"end":{"line":4,"column":null}}},"fnMap":{},"branchMap":{},"s":{"0":1,"1":1,"2":1,"3":1},"f":{},"b":{}}
,"/Users/hari.prakash/Documents/learnings/nestjs/sampleNest/src/auth/auth.module.ts": {"path":"/Users/hari.prakash/Documents/learnings/nestjs/sampleNest/src/auth/auth.module.ts","statementMap":{"0":{"start":{"line":1,"column":0},"end":{"line":1,"column":40}},"1":{"start":{"line":2,"column":0},"end":{"line":2,"column":45}},"2":{"start":{"line":3,"column":0},"end":{"line":3,"column":51}},"3":{"start":{"line":9,"column":7},"end":{"line":9,"column":null}},"4":{"start":{"line":9,"column":13},"end":{"line":9,"column":23}},"5":{"start":{"line":9,"column":13},"end":{"line":9,"column":null}}},"fnMap":{},"branchMap":{},"s":{"0":0,"1":0,"2":0,"3":0,"4":0,"5":0},"f":{},"b":{}}
,"/Users/hari.prakash/Documents/learnings/nestjs/sampleNest/src/auth/auth.service.ts": {"path":"/Users/hari.prakash/Documents/learnings/nestjs/sampleNest/src/auth/auth.service.ts","statementMap":{"0":{"start":{"line":1,"column":0},"end":{"line":1,"column":44}},"1":{"start":{"line":4,"column":7},"end":{"line":4,"column":null}},"2":{"start":{"line":4,"column":13},"end":{"line":4,"column":24}},"3":{"start":{"line":4,"column":13},"end":{"line":4,"column":null}}},"fnMap":{},"branchMap":{},"s":{"0":1,"1":1,"2":1,"3":1},"f":{},"b":{}}
,"/Users/hari.prakash/Documents/learnings/nestjs/sampleNest/src/tasks/tasks.controller.ts": {"path":"/Users/hari.prakash/Documents/learnings/nestjs/sampleNest/src/tasks/tasks.controller.ts","statementMap":{"0":{"start":{"line":1,"column":0},"end":{"line":1,"column":null}},"1":{"start":{"line":11,"column":0},"end":{"line":11,"column":47}},"2":{"start":{"line":13,"column":0},"end":{"line":13,"column":54}},"3":{"start":{"line":14,"column":0},"end":{"line":14,"column":63}},"4":{"start":{"line":15,"column":0},"end":{"line":15,"column":67}},"5":{"start":{"line":18,"column":7},"end":{"line":52,"column":null}},"6":{"start":{"line":19,"column":22},"end":{"line":19,"column":36}},"7":{"start":{"line":23,"column":4},"end":{"line":25,"column":57}},"8":{"start":{"line":24,"column":6},"end":{"line":24,"column":62}},"9":{"start":{"line":25,"column":11},"end":{"line":25,"column":57}},"10":{"start":{"line":31,"column":4},"end":{"line":31,"column":62}},"11":{"start":{"line":36,"column":4},"end":{"line":36,"column":49}},"12":{"start":{"line":41,"column":4},"end":{"line":41,"column":45}},"13":{"start":{"line":49,"column":23},"end":{"line":49,"column":42}},"14":{"start":{"line":50,"column":4},"end":{"line":50,"column":59}},"15":{"start":{"line":18,"column":13},"end":{"line":18,"column":28}},"16":{"start":{"line":22,"column":2},"end":{"line":26,"column":null}},"17":{"start":{"line":29,"column":2},"end":{"line":32,"column":null}},"18":{"start":{"line":35,"column":2},"end":{"line":37,"column":null}},"19":{"start":{"line":40,"column":2},"end":{"line":42,"column":null}},"20":{"start":{"line":45,"column":2},"end":{"line":51,"column":null}},"21":{"start":{"line":18,"column":13},"end":{"line":52,"column":null}}},"fnMap":{"0":{"name":"(anonymous_4)","decl":{"start":{"line":19,"column":2},"end":{"line":19,"column":22}},"loc":{"start":{"line":19,"column":48},"end":{"line":19,"column":52}}},"1":{"name":"(anonymous_5)","decl":{"start":{"line":22,"column":2},"end":{"line":22,"column":13}},"loc":{"start":{"line":22,"column":51},"end":{"line":26,"column":3}}},"2":{"name":"(anonymous_6)","decl":{"start":{"line":29,"column":2},"end":{"line":29,"column":12}},"loc":{"start":{"line":29,"column":49},"end":{"line":32,"column":3}}},"3":{"name":"(anonymous_7)","decl":{"start":{"line":35,"column":2},"end":{"line":35,"column":10}},"loc":{"start":{"line":35,"column":34},"end":{"line":37,"column":3}}},"4":{"name":"(anonymous_8)","decl":{"start":{"line":40,"column":2},"end":{"line":40,"column":13}},"loc":{"start":{"line":40,"column":37},"end":{"line":42,"column":3}}},"5":{"name":"(anonymous_9)","decl":{"start":{"line":45,"column":2},"end":{"line":45,"column":12}},"loc":{"start":{"line":47,"column":52},"end":{"line":51,"column":3}}}},"branchMap":{"0":{"loc":{"start":{"line":23,"column":4},"end":{"line":25,"column":57}},"type":"if","locations":[{"start":{"line":23,"column":4},"end":{"line":25,"column":57}},{"start":{"line":25,"column":11},"end":{"line":25,"column":57}}]}},"s":{"0":0,"1":0,"2":0,"3":0,"4":0,"5":0,"6":0,"7":0,"8":0,"9":0,"10":0,"11":0,"12":0,"13":0,"14":0,"15":0,"16":0,"17":0,"18":0,"19":0,"20":0,"21":0},"f":{"0":0,"1":0,"2":0,"3":0,"4":0,"5":0},"b":{"0":[0,0]}}
,"/Users/hari.prakash/Documents/learnings/nestjs/sampleNest/src/tasks/tasks.model.ts": {"path":"/Users/hari.prakash/Documents/learnings/nestjs/sampleNest/src/tasks/tasks.model.ts","statementMap":{"0":{"start":{"line":7,"column":0},"end":{"line":7,"column":null}},"1":{"start":{"line":8,"column":2},"end":{"line":8,"column":null}},"2":{"start":{"line":9,"column":2},"end":{"line":9,"column":null}},"3":{"start":{"line":10,"column":2},"end":{"line":10,"column":null}}},"fnMap":{"0":{"name":"(anonymous_0)","decl":{"start":{"line":7,"column":0},"end":{"line":7,"column":12}},"loc":{"start":{"line":7,"column":22},"end":{"line":11,"column":1}}}},"branchMap":{"0":{"loc":{"start":{"line":7,"column":12},"end":{"line":7,"column":null}},"type":"binary-expr","locations":[{"start":{"line":7,"column":12},"end":{"line":7,"column":22}},{"start":{"line":7,"column":22},"end":{"line":7,"column":null}}]}},"s":{"0":0,"1":0,"2":0,"3":0},"f":{"0":0},"b":{"0":[0,0]}}
,"/Users/hari.prakash/Documents/learnings/nestjs/sampleNest/src/tasks/tasks.module.ts": {"path":"/Users/hari.prakash/Documents/learnings/nestjs/sampleNest/src/tasks/tasks.module.ts","statementMap":{"0":{"start":{"line":1,"column":0},"end":{"line":1,"column":40}},"1":{"start":{"line":2,"column":0},"end":{"line":2,"column":53}},"2":{"start":{"line":3,"column":0},"end":{"line":3,"column":47}},"3":{"start":{"line":9,"column":7},"end":{"line":9,"column":null}},"4":{"start":{"line":9,"column":13},"end":{"line":9,"column":24}},"5":{"start":{"line":9,"column":13},"end":{"line":9,"column":null}}},"fnMap":{},"branchMap":{},"s":{"0":0,"1":0,"2":0,"3":0,"4":0,"5":0},"f":{},"b":{}}
,"/Users/hari.prakash/Documents/learnings/nestjs/sampleNest/src/tasks/tasks.service.ts": {"path":"/Users/hari.prakash/Documents/learnings/nestjs/sampleNest/src/tasks/tasks.service.ts","statementMap":{"0":{"start":{"line":2,"column":0},"end":{"line":2,"column":63}},"1":{"start":{"line":3,"column":0},"end":{"line":3,"column":49}},"2":{"start":{"line":4,"column":0},"end":{"line":4,"column":34}},"3":{"start":{"line":8,"column":7},"end":{"line":69,"column":null}},"4":{"start":{"line":9,"column":10},"end":{"line":9,"column":29}},"5":{"start":{"line":12,"column":4},"end":{"line":12,"column":22}},"6":{"start":{"line":15,"column":31},"end":{"line":15,"column":40}},"7":{"start":{"line":16,"column":18},"end":{"line":16,"column":43}},"8":{"start":{"line":17,"column":4},"end":{"line":19,"column":5}},"9":{"start":{"line":18,"column":6},"end":{"line":18,"column":60}},"10":{"start":{"line":18,"column":36},"end":{"line":18,"column":58}},"11":{"start":{"line":20,"column":4},"end":{"line":26,"column":5}},"12":{"start":{"line":21,"column":6},"end":{"line":25,"column":8}},"13":{"start":{"line":23,"column":10},"end":{"line":24,"column":57}},"14":{"start":{"line":27,"column":4},"end":{"line":29,"column":5}},"15":{"start":{"line":28,"column":6},"end":{"line":28,"column":60}},"16":{"start":{"line":28,"column":36},"end":{"line":28,"column":58}},"17":{"start":{"line":30,"column":4},"end":{"line":37,"column":5}},"18":{"start":{"line":31,"column":6},"end":{"line":36,"column":8}},"19":{"start":{"line":33,"column":10},"end":{"line":35,"column":32}},"20":{"start":{"line":38,"column":4},"end":{"line":38,"column":22}},"21":{"start":{"line":41,"column":35},"end":{"line":41,"column":48}},"22":{"start":{"line":42,"column":23},"end":{"line":47,"column":6}},"23":{"start":{"line":48,"column":4},"end":{"line":48,"column":26}},"24":{"start":{"line":49,"column":4},"end":{"line":49,"column":16}},"25":{"start":{"line":52,"column":17},"end":{"line":52,"column":58}},"26":{"start":{"line":52,"column":43},"end":{"line":52,"column":57}},"27":{"start":{"line":53,"column":4},"end":{"line":55,"column":5}},"28":{"start":{"line":54,"column":6},"end":{"line":54,"column":66}},"29":{"start":{"line":56,"column":4},"end":{"line":56,"column":16}},"30":{"start":{"line":59,"column":26},"end":{"line":59,"column":69}},"31":{"start":{"line":59,"column":54},"end":{"line":59,"column":68}},"32":{"start":{"line":60,"column":4},"end":{"line":60,"column":31}},"33":{"start":{"line":64,"column":4},"end":{"line":64,"column":24}},"34":{"start":{"line":65,"column":25},"end":{"line":65,"column":49}},"35":{"start":{"line":66,"column":4},"end":{"line":66,"column":33}},"36":{"start":{"line":67,"column":4},"end":{"line":67,"column":24}},"37":{"start":{"line":8,"column":13},"end":{"line":8,"column":25}},"38":{"start":{"line":8,"column":13},"end":{"line":69,"column":null}}},"fnMap":{"0":{"name":"(anonymous_1)","decl":{"start":{"line":8,"column":7},"end":{"line":8,"column":13}},"loc":{"start":{"line":8,"column":7},"end":{"line":69,"column":1}}},"1":{"name":"(anonymous_2)","decl":{"start":{"line":11,"column":2},"end":{"line":11,"column":20}},"loc":{"start":{"line":11,"column":20},"end":{"line":13,"column":3}}},"2":{"name":"(anonymous_3)","decl":{"start":{"line":14,"column":2},"end":{"line":14,"column":21}},"loc":{"start":{"line":14,"column":50},"end":{"line":39,"column":3}}},"3":{"name":"(anonymous_4)","decl":{"start":{"line":18,"column":26},"end":{"line":18,"column":27}},"loc":{"start":{"line":18,"column":36},"end":{"line":18,"column":58}}},"4":{"name":"(anonymous_5)","decl":{"start":{"line":22,"column":8},"end":{"line":22,"column":9}},"loc":{"start":{"line":23,"column":10},"end":{"line":24,"column":57}}},"5":{"name":"(anonymous_6)","decl":{"start":{"line":28,"column":26},"end":{"line":28,"column":27}},"loc":{"start":{"line":28,"column":36},"end":{"line":28,"column":58}}},"6":{"name":"(anonymous_7)","decl":{"start":{"line":32,"column":8},"end":{"line":32,"column":9}},"loc":{"start":{"line":33,"column":10},"end":{"line":35,"column":32}}},"7":{"name":"(anonymous_8)","decl":{"start":{"line":40,"column":2},"end":{"line":40,"column":19}},"loc":{"start":{"line":40,"column":48},"end":{"line":50,"column":3}}},"8":{"name":"(anonymous_9)","decl":{"start":{"line":51,"column":2},"end":{"line":51,"column":17}},"loc":{"start":{"line":51,"column":28},"end":{"line":57,"column":3}}},"9":{"name":"(anonymous_10)","decl":{"start":{"line":52,"column":33},"end":{"line":52,"column":34}},"loc":{"start":{"line":52,"column":43},"end":{"line":52,"column":57}}},"10":{"name":"(anonymous_11)","decl":{"start":{"line":58,"column":2},"end":{"line":58,"column":20}},"loc":{"start":{"line":58,"column":31},"end":{"line":61,"column":3}}},"11":{"name":"(anonymous_12)","decl":{"start":{"line":59,"column":44},"end":{"line":59,"column":45}},"loc":{"start":{"line":59,"column":54},"end":{"line":59,"column":68}}},"12":{"name":"(anonymous_13)","decl":{"start":{"line":63,"column":2},"end":{"line":63,"column":19}},"loc":{"start":{"line":63,"column":50},"end":{"line":68,"column":3}}}},"branchMap":{"0":{"loc":{"start":{"line":17,"column":4},"end":{"line":19,"column":5}},"type":"if","locations":[{"start":{"line":17,"column":4},"end":{"line":19,"column":5}}]},"1":{"loc":{"start":{"line":20,"column":4},"end":{"line":26,"column":5}},"type":"if","locations":[{"start":{"line":20,"column":4},"end":{"line":26,"column":5}}]},"2":{"loc":{"start":{"line":23,"column":10},"end":{"line":24,"column":57}},"type":"binary-expr","locations":[{"start":{"line":23,"column":10},"end":{"line":23,"column":51}},{"start":{"line":24,"column":10},"end":{"line":24,"column":57}}]},"3":{"loc":{"start":{"line":27,"column":4},"end":{"line":29,"column":5}},"type":"if","locations":[{"start":{"line":27,"column":4},"end":{"line":29,"column":5}}]},"4":{"loc":{"start":{"line":30,"column":4},"end":{"line":37,"column":5}},"type":"if","locations":[{"start":{"line":30,"column":4},"end":{"line":37,"column":5}}]},"5":{"loc":{"start":{"line":30,"column":8},"end":{"line":30,"column":24}},"type":"binary-expr","locations":[{"start":{"line":30,"column":8},"end":{"line":30,"column":14}},{"start":{"line":30,"column":18},"end":{"line":30,"column":24}}]},"6":{"loc":{"start":{"line":33,"column":10},"end":{"line":35,"column":32}},"type":"binary-expr","locations":[{"start":{"line":33,"column":10},"end":{"line":33,"column":51}},{"start":{"line":34,"column":10},"end":{"line":34,"column":57}},{"start":{"line":35,"column":10},"end":{"line":35,"column":32}}]},"7":{"loc":{"start":{"line":53,"column":4},"end":{"line":55,"column":5}},"type":"if","locations":[{"start":{"line":53,"column":4},"end":{"line":55,"column":5}}]}},"s":{"0":0,"1":0,"2":0,"3":0,"4":0,"5":0,"6":0,"7":0,"8":0,"9":0,"10":0,"11":0,"12":0,"13":0,"14":0,"15":0,"16":0,"17":0,"18":0,"19":0,"20":0,"21":0,"22":0,"23":0,"24":0,"25":0,"26":0,"27":0,"28":0,"29":0,"30":0,"31":0,"32":0,"33":0,"34":0,"35":0,"36":0,"37":0,"38":0},"f":{"0":0,"1":0,"2":0,"3":0,"4":0,"5":0,"6":0,"7":0,"8":0,"9":0,"10":0,"11":0,"12":0},"b":{"0":[0],"1":[0],"2":[0,0],"3":[0],"4":[0],"5":[0,0],"6":[0,0,0],"7":[0]}}
,"/Users/hari.prakash/Documents/learnings/nestjs/sampleNest/src/tasks/dto/create-task.dto.ts": {"path":"/Users/hari.prakash/Documents/learnings/nestjs/sampleNest/src/tasks/dto/create-task.dto.ts","statementMap":{"0":{"start":{"line":1,"column":0},"end":{"line":1,"column":45}},"1":{"start":{"line":3,"column":0},"end":{"line":3,"column":13}},"2":{"start":{"line":5,"column":2},"end":{"line":5,"column":null}},"3":{"start":{"line":8,"column":2},"end":{"line":8,"column":null}}},"fnMap":{},"branchMap":{},"s":{"0":0,"1":0,"2":0,"3":0},"f":{},"b":{}}
,"/Users/hari.prakash/Documents/learnings/nestjs/sampleNest/src/tasks/dto/get-tasks-filter.dto.ts": {"path":"/Users/hari.prakash/Documents/learnings/nestjs/sampleNest/src/tasks/dto/get-tasks-filter.dto.ts","statementMap":{"0":{"start":{"line":1,"column":0},"end":{"line":1,"column":75}},"1":{"start":{"line":2,"column":0},"end":{"line":2,"column":44}},"2":{"start":{"line":4,"column":0},"end":{"line":4,"column":13}},"3":{"start":{"line":9,"column":2},"end":{"line":9,"column":null}},"4":{"start":{"line":14,"column":2},"end":{"line":14,"column":null}}},"fnMap":{},"branchMap":{},"s":{"0":0,"1":0,"2":0,"3":0,"4":0},"f":{},"b":{}}
,"/Users/hari.prakash/Documents/learnings/nestjs/sampleNest/src/tasks/dto/update-task-status.dto.ts": {"path":"/Users/hari.prakash/Documents/learnings/nestjs/sampleNest/src/tasks/dto/update-task-status.dto.ts","statementMap":{"0":{"start":{"line":1,"column":0},"end":{"line":1,"column":41}},"1":{"start":{"line":2,"column":0},"end":{"line":2,"column":44}},"2":{"start":{"line":4,"column":0},"end":{"line":4,"column":13}},"3":{"start":{"line":6,"column":2},"end":{"line":6,"column":null}}},"fnMap":{},"branchMap":{},"s":{"0":0,"1":0,"2":0,"3":0},"f":{},"b":{}}
}
